Flow report for vgaHdmi
Sat Jun 13 16:14:57 2026
Quartus Prime Version 25.1std.0 Build 1129 10/21/2025 SC Lite Edition


---------------------
; Table of Contents ;
---------------------
  1. Legal Notice
  2. Flow Summary
  3. Flow Settings
  4. Flow Non-Default Global Settings
  5. Flow Elapsed Time
  6. Flow OS Summary
  7. Flow Log
  8. Flow Messages
  9. Flow Suppressed Messages



----------------
; Legal Notice ;
----------------
Copyright (C) 2025  Altera Corporation. All rights reserved.
Your use of Altera Corporation's design tools, logic functions 
and other software and tools, and any partner logic 
functions, and any output files from any of the foregoing 
(including device programming or simulation files), and any 
associated documentation or information are expressly subject 
to the terms and conditions of the Altera Program License 
Subscription Agreement, the Altera Quartus Prime License Agreement,
the Altera IP License Agreement, or other applicable license
agreement, including, without limitation, that your use is for
the sole purpose of programming logic devices manufactured by
Altera and sold by Altera or its authorized distributors.  Please
refer to the Altera Software License Subscription Agreements 
on the Quartus Prime software download page.



+-----------------------------------------------------------------------------------+
; Flow Summary                                                                      ;
+---------------------------------+-------------------------------------------------+
; Flow Status                     ; Successful - Sat Jun 13 16:14:57 2026           ;
; Quartus Prime Version           ; 25.1std.0 Build 1129 10/21/2025 SC Lite Edition ;
; Revision Name                   ; vgaHdmi                                         ;
; Top-level Entity Name           ; TopModule                                       ;
; Family                          ; Cyclone V                                       ;
; Device                          ; 5CSEBA6U23I7                                    ;
; Timing Models                   ; Final                                           ;
; Logic utilization (in ALMs)     ; 406 / 41,910 ( < 1 % )                          ;
; Total registers                 ; 225                                             ;
; Total pins                      ; 42 / 314 ( 13 % )                               ;
; Total virtual pins              ; 0                                               ;
; Total block memory bits         ; 2,457,600 / 5,662,720 ( 43 % )                  ;
; Total DSP Blocks                ; 0 / 112 ( 0 % )                                 ;
; Total HSSI RX PCSs              ; 0                                               ;
; Total HSSI PMA RX Deserializers ; 0                                               ;
; Total HSSI TX PCSs              ; 0                                               ;
; Total HSSI PMA TX Serializers   ; 0                                               ;
; Total PLLs                      ; 1 / 6 ( 17 % )                                  ;
; Total DLLs                      ; 0 / 4 ( 0 % )                                   ;
+---------------------------------+-------------------------------------------------+


+-----------------------------------------+
; Flow Settings                           ;
+-------------------+---------------------+
; Option            ; Setting             ;
+-------------------+---------------------+
; Start date & time ; 06/13/2026 16:12:49 ;
; Main task         ; Compilation         ;
; Revision Name     ; vgaHdmi             ;
+-------------------+---------------------+


+-----------------------------------------------------------------------------------------------------------------------------+
; Flow Non-Default Global Settings                                                                                            ;
+-------------------------------------+----------------------------------------+---------------+-------------+----------------+
; Assignment Name                     ; Value                                  ; Default Value ; Entity Name ; Section Id     ;
+-------------------------------------+----------------------------------------+---------------+-------------+----------------+
; COMPILER_SIGNATURE_ID               ; 51249041673551.178133476864516         ; --            ; --          ; --             ;
; EDA_OUTPUT_DATA_FORMAT              ; Verilog Hdl                            ; --            ; --          ; eda_simulation ;
; EDA_SIMULATION_TOOL                 ; Active-HDL (Verilog)                   ; <None>        ; --          ; --             ;
; EDA_TIME_SCALE                      ; 1 ps                                   ; --            ; --          ; eda_simulation ;
; MAX_CORE_JUNCTION_TEMP              ; 100                                    ; --            ; --          ; --             ;
; MIN_CORE_JUNCTION_TEMP              ; -40                                    ; --            ; --          ; --             ;
; MISC_FILE                           ; src/pll/pll_25.cmp                     ; --            ; --          ; --             ;
; MISC_FILE                           ; src/bram/bram_2port_bb.v               ; --            ; --          ; --             ;
; NUM_PARALLEL_PROCESSORS             ; 1                                      ; --            ; --          ; --             ;
; PARTITION_COLOR                     ; -- (Not supported for targeted family) ; --            ; TopModule   ; Top            ;
; PARTITION_FITTER_PRESERVATION_LEVEL ; -- (Not supported for targeted family) ; --            ; TopModule   ; Top            ;
; PARTITION_NETLIST_TYPE              ; -- (Not supported for targeted family) ; --            ; TopModule   ; Top            ;
; POWER_BOARD_THERMAL_MODEL           ; None (CONSERVATIVE)                    ; --            ; --          ; --             ;
; POWER_PRESET_COOLING_SOLUTION       ; 23 MM HEAT SINK WITH 200 LFPM AIRFLOW  ; --            ; --          ; --             ;
; PROJECT_OUTPUT_DIRECTORY            ; output_files                           ; --            ; --          ; --             ;
; SYNTHESIS_ONLY_QIP                  ; On                                     ; --            ; --          ; --             ;
; TOP_LEVEL_ENTITY                    ; TopModule                              ; vgaHdmi       ; --          ; --             ;
+-------------------------------------+----------------------------------------+---------------+-------------+----------------+


+--------------------------------------------------------------------------------------------------------------------------+
; Flow Elapsed Time                                                                                                        ;
+----------------------+--------------+-------------------------+---------------------+------------------------------------+
; Module Name          ; Elapsed Time ; Average Processors Used ; Peak Virtual Memory ; Total CPU Time (on all processors) ;
+----------------------+--------------+-------------------------+---------------------+------------------------------------+
; Analysis & Synthesis ; 00:00:11     ; 1.0                     ; 4891 MB             ; 00:00:24                           ;
; Fitter               ; 00:01:22     ; 1.0                     ; 6311 MB             ; 00:01:27                           ;
; Assembler            ; 00:00:07     ; 1.0                     ; 5280 MB             ; 00:00:07                           ;
; Timing Analyzer      ; 00:00:19     ; 1.0                     ; 5448 MB             ; 00:00:19                           ;
; EDA Netlist Writer   ; 00:00:02     ; 1.0                     ; 4914 MB             ; 00:00:02                           ;
; Total                ; 00:02:01     ; --                      ; --                  ; 00:02:19                           ;
+----------------------+--------------+-------------------------+---------------------+------------------------------------+


+------------------------------------------------------------------------------------+
; Flow OS Summary                                                                    ;
+----------------------+------------------+------------+------------+----------------+
; Module Name          ; Machine Hostname ; OS Name    ; OS Version ; Processor type ;
+----------------------+------------------+------------+------------+----------------+
; Analysis & Synthesis ; kuroki           ; Windows 10 ; 10.0       ; x86_64         ;
; Fitter               ; kuroki           ; Windows 10 ; 10.0       ; x86_64         ;
; Assembler            ; kuroki           ; Windows 10 ; 10.0       ; x86_64         ;
; Timing Analyzer      ; kuroki           ; Windows 10 ; 10.0       ; x86_64         ;
; EDA Netlist Writer   ; kuroki           ; Windows 10 ; 10.0       ; x86_64         ;
+----------------------+------------------+------------+------------+----------------+


------------
; Flow Log ;
------------
quartus_map --read_settings_files=on --write_settings_files=off vgaHdmi -c vgaHdmi
quartus_fit --read_settings_files=off --write_settings_files=off vgaHdmi -c vgaHdmi
quartus_asm --read_settings_files=off --write_settings_files=off vgaHdmi -c vgaHdmi
quartus_sta vgaHdmi -c vgaHdmi
quartus_eda --read_settings_files=off --write_settings_files=off vgaHdmi -c vgaHdmi



